  BoxCollider2D.cpp
E:\3r CDI\Xarxes\AA4_UDP_Shooter\AA4_ShooterClient\ShooterClient\Dependencies\include\SFML\System\Exception.hpp(41,47): warning C4275: non dll-interface class 'std::runtime_error' used as base for dll-interface class 'sf::Exception'
  (compiling source file 'BoxCollider2D.cpp')
      C:\Program Files\Microsoft Visual Studio\2022\Community\VC\Tools\MSVC\14.43.34808\include\stdexcept(100,19):
      see declaration of 'std::runtime_error'
      E:\3r CDI\Xarxes\AA4_UDP_Shooter\AA4_ShooterClient\ShooterClient\Dependencies\include\SFML\System\Exception.hpp(41,23):
      see declaration of 'sf::Exception'
  
  BulletHandler.cpp
E:\3r CDI\Xarxes\AA4_UDP_Shooter\AA4_ShooterClient\ShooterClient\Dependencies\include\SFML\System\Exception.hpp(41,47): warning C4275: non dll-interface class 'std::runtime_error' used as base for dll-interface class 'sf::Exception'
  (compiling source file 'BulletHandler.cpp')
      C:\Program Files\Microsoft Visual Studio\2022\Community\VC\Tools\MSVC\14.43.34808\include\stdexcept(100,19):
      see declaration of 'std::runtime_error'
      E:\3r CDI\Xarxes\AA4_UDP_Shooter\AA4_ShooterClient\ShooterClient\Dependencies\include\SFML\System\Exception.hpp(41,23):
      see declaration of 'sf::Exception'
  
  ClientTCP.cpp
E:\3r CDI\Xarxes\AA4_UDP_Shooter\AA4_ShooterClient\ShooterClient\Dependencies\include\SFML\System\Exception.hpp(41,47): warning C4275: non dll-interface class 'std::runtime_error' used as base for dll-interface class 'sf::Exception'
  (compiling source file 'ClientTCP.cpp')
      C:\Program Files\Microsoft Visual Studio\2022\Community\VC\Tools\MSVC\14.43.34808\include\stdexcept(100,19):
      see declaration of 'std::runtime_error'
      E:\3r CDI\Xarxes\AA4_UDP_Shooter\AA4_ShooterClient\ShooterClient\Dependencies\include\SFML\System\Exception.hpp(41,23):
      see declaration of 'sf::Exception'
  
  ClientUDP.cpp
E:\3r CDI\Xarxes\AA4_UDP_Shooter\AA4_ShooterClient\ShooterClient\Dependencies\include\SFML\System\Exception.hpp(41,47): warning C4275: non dll-interface class 'std::runtime_error' used as base for dll-interface class 'sf::Exception'
  (compiling source file 'ClientUDP.cpp')
      C:\Program Files\Microsoft Visual Studio\2022\Community\VC\Tools\MSVC\14.43.34808\include\stdexcept(100,19):
      see declaration of 'std::runtime_error'
      E:\3r CDI\Xarxes\AA4_UDP_Shooter\AA4_ShooterClient\ShooterClient\Dependencies\include\SFML\System\Exception.hpp(41,23):
      see declaration of 'sf::Exception'
  
E:\3r CDI\Xarxes\AA4_UDP_Shooter\AA4_ShooterClient\ShooterClient\ShooterClient\NetworkDefs.h(47,16): warning C4834: discarding return value of function with [[nodiscard]] attribute
  (compiling source file 'ClientUDP.cpp')
  
  GameManager.cpp
E:\3r CDI\Xarxes\AA4_UDP_Shooter\AA4_ShooterClient\ShooterClient\Dependencies\include\SFML\System\Exception.hpp(41,47): warning C4275: non dll-interface class 'std::runtime_error' used as base for dll-interface class 'sf::Exception'
  (compiling source file 'GameManager.cpp')
      C:\Program Files\Microsoft Visual Studio\2022\Community\VC\Tools\MSVC\14.43.34808\include\stdexcept(100,19):
      see declaration of 'std::runtime_error'
      E:\3r CDI\Xarxes\AA4_UDP_Shooter\AA4_ShooterClient\ShooterClient\Dependencies\include\SFML\System\Exception.hpp(41,23):
      see declaration of 'sf::Exception'
  
E:\3r CDI\Xarxes\AA4_UDP_Shooter\AA4_ShooterClient\ShooterClient\ShooterClient\NetworkDefs.h(47,16): warning C4834: discarding return value of function with [[nodiscard]] attribute
  (compiling source file 'GameManager.cpp')
  
  GameObject.cpp
  GameScene.cpp
E:\3r CDI\Xarxes\AA4_UDP_Shooter\AA4_ShooterClient\ShooterClient\Dependencies\include\SFML\System\Exception.hpp(41,47): warning C4275: non dll-interface class 'std::runtime_error' used as base for dll-interface class 'sf::Exception'
  (compiling source file 'GameScene.cpp')
      C:\Program Files\Microsoft Visual Studio\2022\Community\VC\Tools\MSVC\14.43.34808\include\stdexcept(100,19):
      see declaration of 'std::runtime_error'
      E:\3r CDI\Xarxes\AA4_UDP_Shooter\AA4_ShooterClient\ShooterClient\Dependencies\include\SFML\System\Exception.hpp(41,23):
      see declaration of 'sf::Exception'
  
  InputComponent.cpp
  Launcher.cpp
E:\3r CDI\Xarxes\AA4_UDP_Shooter\AA4_ShooterClient\ShooterClient\Dependencies\include\SFML\System\Exception.hpp(41,47): warning C4275: non dll-interface class 'std::runtime_error' used as base for dll-interface class 'sf::Exception'
  (compiling source file 'Launcher.cpp')
      C:\Program Files\Microsoft Visual Studio\2022\Community\VC\Tools\MSVC\14.43.34808\include\stdexcept(100,19):
      see declaration of 'std::runtime_error'
      E:\3r CDI\Xarxes\AA4_UDP_Shooter\AA4_ShooterClient\ShooterClient\Dependencies\include\SFML\System\Exception.hpp(41,23):
      see declaration of 'sf::Exception'
  
E:\3r CDI\Xarxes\AA4_UDP_Shooter\AA4_ShooterClient\ShooterClient\ShooterClient\NetworkDefs.h(47,16): warning C4834: discarding return value of function with [[nodiscard]] attribute
  (compiling source file 'Launcher.cpp')
  
  LoginScene.cpp
E:\3r CDI\Xarxes\AA4_UDP_Shooter\AA4_ShooterClient\ShooterClient\Dependencies\include\SFML\System\Exception.hpp(41,47): warning C4275: non dll-interface class 'std::runtime_error' used as base for dll-interface class 'sf::Exception'
  (compiling source file 'LoginScene.cpp')
      C:\Program Files\Microsoft Visual Studio\2022\Community\VC\Tools\MSVC\14.43.34808\include\stdexcept(100,19):
      see declaration of 'std::runtime_error'
      E:\3r CDI\Xarxes\AA4_UDP_Shooter\AA4_ShooterClient\ShooterClient\Dependencies\include\SFML\System\Exception.hpp(41,23):
      see declaration of 'sf::Exception'
  
E:\3r CDI\Xarxes\AA4_UDP_Shooter\AA4_ShooterClient\ShooterClient\ShooterClient\NetworkDefs.h(47,16): warning C4834: discarding return value of function with [[nodiscard]] attribute
  (compiling source file 'LoginScene.cpp')
  
  Main.cpp
E:\3r CDI\Xarxes\AA4_UDP_Shooter\AA4_ShooterClient\ShooterClient\Dependencies\include\SFML\System\Exception.hpp(41,47): warning C4275: non dll-interface class 'std::runtime_error' used as base for dll-interface class 'sf::Exception'
  (compiling source file 'Main.cpp')
      C:\Program Files\Microsoft Visual Studio\2022\Community\VC\Tools\MSVC\14.43.34808\include\stdexcept(100,19):
      see declaration of 'std::runtime_error'
      E:\3r CDI\Xarxes\AA4_UDP_Shooter\AA4_ShooterClient\ShooterClient\Dependencies\include\SFML\System\Exception.hpp(41,23):
      see declaration of 'sf::Exception'
  
E:\3r CDI\Xarxes\AA4_UDP_Shooter\AA4_ShooterClient\ShooterClient\ShooterClient\NetworkDefs.h(47,16): warning C4834: discarding return value of function with [[nodiscard]] attribute
  (compiling source file 'Main.cpp')
  
  MapManager.cpp
E:\3r CDI\Xarxes\AA4_UDP_Shooter\AA4_ShooterClient\ShooterClient\Dependencies\include\SFML\System\Exception.hpp(41,47): warning C4275: non dll-interface class 'std::runtime_error' used as base for dll-interface class 'sf::Exception'
  (compiling source file 'MapManager.cpp')
      C:\Program Files\Microsoft Visual Studio\2022\Community\VC\Tools\MSVC\14.43.34808\include\stdexcept(100,19):
      see declaration of 'std::runtime_error'
      E:\3r CDI\Xarxes\AA4_UDP_Shooter\AA4_ShooterClient\ShooterClient\Dependencies\include\SFML\System\Exception.hpp(41,23):
      see declaration of 'sf::Exception'
  
E:\3r CDI\Xarxes\AA4_UDP_Shooter\AA4_ShooterClient\ShooterClient\ShooterClient\MapManager.cpp(35,14): warning C4267: 'initializing': conversion from 'size_t' to 'int', possible loss of data
E:\3r CDI\Xarxes\AA4_UDP_Shooter\AA4_ShooterClient\ShooterClient\ShooterClient\MapManager.cpp(36,14): warning C4267: 'initializing': conversion from 'size_t' to 'int', possible loss of data
E:\3r CDI\Xarxes\AA4_UDP_Shooter\AA4_ShooterClient\ShooterClient\ShooterClient\MapManager.cpp(37,21): warning C4244: 'initializing': conversion from 'int' to 'float', possible loss of data
E:\3r CDI\Xarxes\AA4_UDP_Shooter\AA4_ShooterClient\ShooterClient\ShooterClient\MapManager.cpp(38,22): warning C4244: 'initializing': conversion from 'int' to 'float', possible loss of data
  MatchMakingScene.cpp
E:\3r CDI\Xarxes\AA4_UDP_Shooter\AA4_ShooterClient\ShooterClient\Dependencies\include\SFML\System\Exception.hpp(41,47): warning C4275: non dll-interface class 'std::runtime_error' used as base for dll-interface class 'sf::Exception'
  (compiling source file 'MatchMakingScene.cpp')
      C:\Program Files\Microsoft Visual Studio\2022\Community\VC\Tools\MSVC\14.43.34808\include\stdexcept(100,19):
      see declaration of 'std::runtime_error'
      E:\3r CDI\Xarxes\AA4_UDP_Shooter\AA4_ShooterClient\ShooterClient\Dependencies\include\SFML\System\Exception.hpp(41,23):
      see declaration of 'sf::Exception'
  
E:\3r CDI\Xarxes\AA4_UDP_Shooter\AA4_ShooterClient\ShooterClient\ShooterClient\NetworkDefs.h(47,16): warning C4834: discarding return value of function with [[nodiscard]] attribute
  (compiling source file 'MatchMakingScene.cpp')
  
  NetworkManager.cpp
E:\3r CDI\Xarxes\AA4_UDP_Shooter\AA4_ShooterClient\ShooterClient\Dependencies\include\SFML\System\Exception.hpp(41,47): warning C4275: non dll-interface class 'std::runtime_error' used as base for dll-interface class 'sf::Exception'
  (compiling source file 'NetworkManager.cpp')
      C:\Program Files\Microsoft Visual Studio\2022\Community\VC\Tools\MSVC\14.43.34808\include\stdexcept(100,19):
      see declaration of 'std::runtime_error'
      E:\3r CDI\Xarxes\AA4_UDP_Shooter\AA4_ShooterClient\ShooterClient\Dependencies\include\SFML\System\Exception.hpp(41,23):
      see declaration of 'sf::Exception'
  
E:\3r CDI\Xarxes\AA4_UDP_Shooter\AA4_ShooterClient\ShooterClient\ShooterClient\NetworkDefs.h(47,16): warning C4834: discarding return value of function with [[nodiscard]] attribute
  (compiling source file 'NetworkManager.cpp')
  
  PacketDispatcher.cpp
E:\3r CDI\Xarxes\AA4_UDP_Shooter\AA4_ShooterClient\ShooterClient\Dependencies\include\SFML\System\Exception.hpp(41,47): warning C4275: non dll-interface class 'std::runtime_error' used as base for dll-interface class 'sf::Exception'
  (compiling source file 'PacketDispatcher.cpp')
      C:\Program Files\Microsoft Visual Studio\2022\Community\VC\Tools\MSVC\14.43.34808\include\stdexcept(100,19):
      see declaration of 'std::runtime_error'
      E:\3r CDI\Xarxes\AA4_UDP_Shooter\AA4_ShooterClient\ShooterClient\Dependencies\include\SFML\System\Exception.hpp(41,23):
      see declaration of 'sf::Exception'
  
E:\3r CDI\Xarxes\AA4_UDP_Shooter\AA4_ShooterClient\ShooterClient\ShooterClient\NetworkDefs.h(47,16): warning C4834: discarding return value of function with [[nodiscard]] attribute
  (compiling source file 'PacketDispatcher.cpp')
  
  PhysicsManager.cpp
E:\3r CDI\Xarxes\AA4_UDP_Shooter\AA4_ShooterClient\ShooterClient\Dependencies\include\SFML\System\Exception.hpp(41,47): warning C4275: non dll-interface class 'std::runtime_error' used as base for dll-interface class 'sf::Exception'
  (compiling source file 'PhysicsManager.cpp')
      C:\Program Files\Microsoft Visual Studio\2022\Community\VC\Tools\MSVC\14.43.34808\include\stdexcept(100,19):
      see declaration of 'std::runtime_error'
      E:\3r CDI\Xarxes\AA4_UDP_Shooter\AA4_ShooterClient\ShooterClient\Dependencies\include\SFML\System\Exception.hpp(41,23):
      see declaration of 'sf::Exception'
  
  PlayerComponentScript.cpp
E:\3r CDI\Xarxes\AA4_UDP_Shooter\AA4_ShooterClient\ShooterClient\Dependencies\include\SFML\System\Exception.hpp(41,47): warning C4275: non dll-interface class 'std::runtime_error' used as base for dll-interface class 'sf::Exception'
  (compiling source file 'PlayerComponentScript.cpp')
      C:\Program Files\Microsoft Visual Studio\2022\Community\VC\Tools\MSVC\14.43.34808\include\stdexcept(100,19):
      see declaration of 'std::runtime_error'
      E:\3r CDI\Xarxes\AA4_UDP_Shooter\AA4_ShooterClient\ShooterClient\Dependencies\include\SFML\System\Exception.hpp(41,23):
      see declaration of 'sf::Exception'
  
E:\3r CDI\Xarxes\AA4_UDP_Shooter\AA4_ShooterClient\ShooterClient\ShooterClient\PlayerComponentScript.h(5,10): warning C4067: unexpected tokens following preprocessor directive - expected a newline
  (compiling source file 'PlayerComponentScript.cpp')
  
  PlayerMovementComponent.cpp
E:\3r CDI\Xarxes\AA4_UDP_Shooter\AA4_ShooterClient\ShooterClient\Dependencies\include\SFML\System\Exception.hpp(41,47): warning C4275: non dll-interface class 'std::runtime_error' used as base for dll-interface class 'sf::Exception'
  (compiling source file 'PlayerMovementComponent.cpp')
      C:\Program Files\Microsoft Visual Studio\2022\Community\VC\Tools\MSVC\14.43.34808\include\stdexcept(100,19):
      see declaration of 'std::runtime_error'
      E:\3r CDI\Xarxes\AA4_UDP_Shooter\AA4_ShooterClient\ShooterClient\Dependencies\include\SFML\System\Exception.hpp(41,23):
      see declaration of 'sf::Exception'
  
  Rigidbody2D.cpp
  Scene.cpp
E:\3r CDI\Xarxes\AA4_UDP_Shooter\AA4_ShooterClient\ShooterClient\Dependencies\include\SFML\System\Exception.hpp(41,47): warning C4275: non dll-interface class 'std::runtime_error' used as base for dll-interface class 'sf::Exception'
  (compiling source file 'Scene.cpp')
      C:\Program Files\Microsoft Visual Studio\2022\Community\VC\Tools\MSVC\14.43.34808\include\stdexcept(100,19):
      see declaration of 'std::runtime_error'
      E:\3r CDI\Xarxes\AA4_UDP_Shooter\AA4_ShooterClient\ShooterClient\Dependencies\include\SFML\System\Exception.hpp(41,23):
      see declaration of 'sf::Exception'
  
  Generating Code...
  Compiling...
  SceneManager.cpp
E:\3r CDI\Xarxes\AA4_UDP_Shooter\AA4_ShooterClient\ShooterClient\Dependencies\include\SFML\System\Exception.hpp(41,47): warning C4275: non dll-interface class 'std::runtime_error' used as base for dll-interface class 'sf::Exception'
  (compiling source file 'SceneManager.cpp')
      C:\Program Files\Microsoft Visual Studio\2022\Community\VC\Tools\MSVC\14.43.34808\include\stdexcept(100,19):
      see declaration of 'std::runtime_error'
      E:\3r CDI\Xarxes\AA4_UDP_Shooter\AA4_ShooterClient\ShooterClient\Dependencies\include\SFML\System\Exception.hpp(41,23):
      see declaration of 'sf::Exception'
  
  SpriteRenderer.cpp
E:\3r CDI\Xarxes\AA4_UDP_Shooter\AA4_ShooterClient\ShooterClient\Dependencies\include\SFML\System\Exception.hpp(41,47): warning C4275: non dll-interface class 'std::runtime_error' used as base for dll-interface class 'sf::Exception'
  (compiling source file 'SpriteRenderer.cpp')
      C:\Program Files\Microsoft Visual Studio\2022\Community\VC\Tools\MSVC\14.43.34808\include\stdexcept(100,19):
      see declaration of 'std::runtime_error'
      E:\3r CDI\Xarxes\AA4_UDP_Shooter\AA4_ShooterClient\ShooterClient\Dependencies\include\SFML\System\Exception.hpp(41,23):
      see declaration of 'sf::Exception'
  
E:\3r CDI\Xarxes\AA4_UDP_Shooter\AA4_ShooterClient\ShooterClient\ShooterClient\SpriteRenderer.cpp(9,31): warning C4834: discarding return value of function with [[nodiscard]] attribute
E:\3r CDI\Xarxes\AA4_UDP_Shooter\AA4_ShooterClient\ShooterClient\ShooterClient\SpriteRenderer.cpp(13,30): warning C4834: discarding return value of function with [[nodiscard]] attribute
E:\3r CDI\Xarxes\AA4_UDP_Shooter\AA4_ShooterClient\ShooterClient\ShooterClient\SpriteRenderer.cpp(20,59): warning C4244: 'argument': conversion from 'T' to 'T', possible loss of data
E:\3r CDI\Xarxes\AA4_UDP_Shooter\AA4_ShooterClient\ShooterClient\ShooterClient\SpriteRenderer.cpp(20,59): warning C4244:         with
E:\3r CDI\Xarxes\AA4_UDP_Shooter\AA4_ShooterClient\ShooterClient\ShooterClient\SpriteRenderer.cpp(20,59): warning C4244:         [
E:\3r CDI\Xarxes\AA4_UDP_Shooter\AA4_ShooterClient\ShooterClient\ShooterClient\SpriteRenderer.cpp(20,59): warning C4244:             T=unsigned int
E:\3r CDI\Xarxes\AA4_UDP_Shooter\AA4_ShooterClient\ShooterClient\ShooterClient\SpriteRenderer.cpp(20,59): warning C4244:         ]
E:\3r CDI\Xarxes\AA4_UDP_Shooter\AA4_ShooterClient\ShooterClient\ShooterClient\SpriteRenderer.cpp(20,59): warning C4244:         and
E:\3r CDI\Xarxes\AA4_UDP_Shooter\AA4_ShooterClient\ShooterClient\ShooterClient\SpriteRenderer.cpp(20,59): warning C4244:         [
E:\3r CDI\Xarxes\AA4_UDP_Shooter\AA4_ShooterClient\ShooterClient\ShooterClient\SpriteRenderer.cpp(20,59): warning C4244:             T=float
E:\3r CDI\Xarxes\AA4_UDP_Shooter\AA4_ShooterClient\ShooterClient\ShooterClient\SpriteRenderer.cpp(20,59): warning C4244:         ]
E:\3r CDI\Xarxes\AA4_UDP_Shooter\AA4_ShooterClient\ShooterClient\ShooterClient\SpriteRenderer.cpp(20,47): warning C4244: 'argument': conversion from 'T' to 'T', possible loss of data
E:\3r CDI\Xarxes\AA4_UDP_Shooter\AA4_ShooterClient\ShooterClient\ShooterClient\SpriteRenderer.cpp(20,47): warning C4244:         with
E:\3r CDI\Xarxes\AA4_UDP_Shooter\AA4_ShooterClient\ShooterClient\ShooterClient\SpriteRenderer.cpp(20,47): warning C4244:         [
E:\3r CDI\Xarxes\AA4_UDP_Shooter\AA4_ShooterClient\ShooterClient\ShooterClient\SpriteRenderer.cpp(20,47): warning C4244:             T=unsigned int
E:\3r CDI\Xarxes\AA4_UDP_Shooter\AA4_ShooterClient\ShooterClient\ShooterClient\SpriteRenderer.cpp(20,47): warning C4244:         ]
E:\3r CDI\Xarxes\AA4_UDP_Shooter\AA4_ShooterClient\ShooterClient\ShooterClient\SpriteRenderer.cpp(20,47): warning C4244:         and
E:\3r CDI\Xarxes\AA4_UDP_Shooter\AA4_ShooterClient\ShooterClient\ShooterClient\SpriteRenderer.cpp(20,47): warning C4244:         [
E:\3r CDI\Xarxes\AA4_UDP_Shooter\AA4_ShooterClient\ShooterClient\ShooterClient\SpriteRenderer.cpp(20,47): warning C4244:             T=float
E:\3r CDI\Xarxes\AA4_UDP_Shooter\AA4_ShooterClient\ShooterClient\ShooterClient\SpriteRenderer.cpp(20,47): warning C4244:         ]
E:\3r CDI\Xarxes\AA4_UDP_Shooter\AA4_ShooterClient\ShooterClient\ShooterClient\SpriteRenderer.cpp(33,31): warning C4834: discarding return value of function with [[nodiscard]] attribute
E:\3r CDI\Xarxes\AA4_UDP_Shooter\AA4_ShooterClient\ShooterClient\ShooterClient\SpriteRenderer.cpp(37,30): warning C4834: discarding return value of function with [[nodiscard]] attribute
E:\3r CDI\Xarxes\AA4_UDP_Shooter\AA4_ShooterClient\ShooterClient\ShooterClient\SpriteRenderer.cpp(44,67): warning C4244: 'argument': conversion from 'T' to 'T', possible loss of data
E:\3r CDI\Xarxes\AA4_UDP_Shooter\AA4_ShooterClient\ShooterClient\ShooterClient\SpriteRenderer.cpp(44,67): warning C4244:         with
E:\3r CDI\Xarxes\AA4_UDP_Shooter\AA4_ShooterClient\ShooterClient\ShooterClient\SpriteRenderer.cpp(44,67): warning C4244:         [
E:\3r CDI\Xarxes\AA4_UDP_Shooter\AA4_ShooterClient\ShooterClient\ShooterClient\SpriteRenderer.cpp(44,67): warning C4244:             T=unsigned int
E:\3r CDI\Xarxes\AA4_UDP_Shooter\AA4_ShooterClient\ShooterClient\ShooterClient\SpriteRenderer.cpp(44,67): warning C4244:         ]
E:\3r CDI\Xarxes\AA4_UDP_Shooter\AA4_ShooterClient\ShooterClient\ShooterClient\SpriteRenderer.cpp(44,67): warning C4244:         and
E:\3r CDI\Xarxes\AA4_UDP_Shooter\AA4_ShooterClient\ShooterClient\ShooterClient\SpriteRenderer.cpp(44,67): warning C4244:         [
E:\3r CDI\Xarxes\AA4_UDP_Shooter\AA4_ShooterClient\ShooterClient\ShooterClient\SpriteRenderer.cpp(44,67): warning C4244:             T=float
E:\3r CDI\Xarxes\AA4_UDP_Shooter\AA4_ShooterClient\ShooterClient\ShooterClient\SpriteRenderer.cpp(44,67): warning C4244:         ]
E:\3r CDI\Xarxes\AA4_UDP_Shooter\AA4_ShooterClient\ShooterClient\ShooterClient\SpriteRenderer.cpp(44,51): warning C4244: 'argument': conversion from 'T' to 'T', possible loss of data
E:\3r CDI\Xarxes\AA4_UDP_Shooter\AA4_ShooterClient\ShooterClient\ShooterClient\SpriteRenderer.cpp(44,51): warning C4244:         with
E:\3r CDI\Xarxes\AA4_UDP_Shooter\AA4_ShooterClient\ShooterClient\ShooterClient\SpriteRenderer.cpp(44,51): warning C4244:         [
E:\3r CDI\Xarxes\AA4_UDP_Shooter\AA4_ShooterClient\ShooterClient\ShooterClient\SpriteRenderer.cpp(44,51): warning C4244:             T=unsigned int
E:\3r CDI\Xarxes\AA4_UDP_Shooter\AA4_ShooterClient\ShooterClient\ShooterClient\SpriteRenderer.cpp(44,51): warning C4244:         ]
E:\3r CDI\Xarxes\AA4_UDP_Shooter\AA4_ShooterClient\ShooterClient\ShooterClient\SpriteRenderer.cpp(44,51): warning C4244:         and
E:\3r CDI\Xarxes\AA4_UDP_Shooter\AA4_ShooterClient\ShooterClient\ShooterClient\SpriteRenderer.cpp(44,51): warning C4244:         [
E:\3r CDI\Xarxes\AA4_UDP_Shooter\AA4_ShooterClient\ShooterClient\ShooterClient\SpriteRenderer.cpp(44,51): warning C4244:             T=float
E:\3r CDI\Xarxes\AA4_UDP_Shooter\AA4_ShooterClient\ShooterClient\ShooterClient\SpriteRenderer.cpp(44,51): warning C4244:         ]
  Transform.cpp
  UIButton.cpp
E:\3r CDI\Xarxes\AA4_UDP_Shooter\AA4_ShooterClient\ShooterClient\Dependencies\include\SFML\System\Exception.hpp(41,47): warning C4275: non dll-interface class 'std::runtime_error' used as base for dll-interface class 'sf::Exception'
  (compiling source file 'UIButton.cpp')
      C:\Program Files\Microsoft Visual Studio\2022\Community\VC\Tools\MSVC\14.43.34808\include\stdexcept(100,19):
      see declaration of 'std::runtime_error'
      E:\3r CDI\Xarxes\AA4_UDP_Shooter\AA4_ShooterClient\ShooterClient\Dependencies\include\SFML\System\Exception.hpp(41,23):
      see declaration of 'sf::Exception'
  
E:\3r CDI\Xarxes\AA4_UDP_Shooter\AA4_ShooterClient\ShooterClient\ShooterClient\UIButton.cpp(33,79): warning C4244: 'argument': conversion from 'const T' to 'T', possible loss of data
E:\3r CDI\Xarxes\AA4_UDP_Shooter\AA4_ShooterClient\ShooterClient\ShooterClient\UIButton.cpp(33,79): warning C4244:         with
E:\3r CDI\Xarxes\AA4_UDP_Shooter\AA4_ShooterClient\ShooterClient\ShooterClient\UIButton.cpp(33,79): warning C4244:         [
E:\3r CDI\Xarxes\AA4_UDP_Shooter\AA4_ShooterClient\ShooterClient\ShooterClient\UIButton.cpp(33,79): warning C4244:             T=int
E:\3r CDI\Xarxes\AA4_UDP_Shooter\AA4_ShooterClient\ShooterClient\ShooterClient\UIButton.cpp(33,79): warning C4244:         ]
E:\3r CDI\Xarxes\AA4_UDP_Shooter\AA4_ShooterClient\ShooterClient\ShooterClient\UIButton.cpp(33,79): warning C4244:         and
E:\3r CDI\Xarxes\AA4_UDP_Shooter\AA4_ShooterClient\ShooterClient\ShooterClient\UIButton.cpp(33,79): warning C4244:         [
E:\3r CDI\Xarxes\AA4_UDP_Shooter\AA4_ShooterClient\ShooterClient\ShooterClient\UIButton.cpp(33,79): warning C4244:             T=float
E:\3r CDI\Xarxes\AA4_UDP_Shooter\AA4_ShooterClient\ShooterClient\ShooterClient\UIButton.cpp(33,79): warning C4244:         ]
E:\3r CDI\Xarxes\AA4_UDP_Shooter\AA4_ShooterClient\ShooterClient\ShooterClient\UIButton.cpp(33,53): warning C4244: 'argument': conversion from 'const T' to 'T', possible loss of data
E:\3r CDI\Xarxes\AA4_UDP_Shooter\AA4_ShooterClient\ShooterClient\ShooterClient\UIButton.cpp(33,53): warning C4244:         with
E:\3r CDI\Xarxes\AA4_UDP_Shooter\AA4_ShooterClient\ShooterClient\ShooterClient\UIButton.cpp(33,53): warning C4244:         [
E:\3r CDI\Xarxes\AA4_UDP_Shooter\AA4_ShooterClient\ShooterClient\ShooterClient\UIButton.cpp(33,53): warning C4244:             T=int
E:\3r CDI\Xarxes\AA4_UDP_Shooter\AA4_ShooterClient\ShooterClient\ShooterClient\UIButton.cpp(33,53): warning C4244:         ]
E:\3r CDI\Xarxes\AA4_UDP_Shooter\AA4_ShooterClient\ShooterClient\ShooterClient\UIButton.cpp(33,53): warning C4244:         and
E:\3r CDI\Xarxes\AA4_UDP_Shooter\AA4_ShooterClient\ShooterClient\ShooterClient\UIButton.cpp(33,53): warning C4244:         [
E:\3r CDI\Xarxes\AA4_UDP_Shooter\AA4_ShooterClient\ShooterClient\ShooterClient\UIButton.cpp(33,53): warning C4244:             T=float
E:\3r CDI\Xarxes\AA4_UDP_Shooter\AA4_ShooterClient\ShooterClient\ShooterClient\UIButton.cpp(33,53): warning C4244:         ]
  UICanvas.cpp
E:\3r CDI\Xarxes\AA4_UDP_Shooter\AA4_ShooterClient\ShooterClient\Dependencies\include\SFML\System\Exception.hpp(41,47): warning C4275: non dll-interface class 'std::runtime_error' used as base for dll-interface class 'sf::Exception'
  (compiling source file 'UICanvas.cpp')
      C:\Program Files\Microsoft Visual Studio\2022\Community\VC\Tools\MSVC\14.43.34808\include\stdexcept(100,19):
      see declaration of 'std::runtime_error'
      E:\3r CDI\Xarxes\AA4_UDP_Shooter\AA4_ShooterClient\ShooterClient\Dependencies\include\SFML\System\Exception.hpp(41,23):
      see declaration of 'sf::Exception'
  
  UIImage.cpp
E:\3r CDI\Xarxes\AA4_UDP_Shooter\AA4_ShooterClient\ShooterClient\Dependencies\include\SFML\System\Exception.hpp(41,47): warning C4275: non dll-interface class 'std::runtime_error' used as base for dll-interface class 'sf::Exception'
  (compiling source file 'UIImage.cpp')
      C:\Program Files\Microsoft Visual Studio\2022\Community\VC\Tools\MSVC\14.43.34808\include\stdexcept(100,19):
      see declaration of 'std::runtime_error'
      E:\3r CDI\Xarxes\AA4_UDP_Shooter\AA4_ShooterClient\ShooterClient\Dependencies\include\SFML\System\Exception.hpp(41,23):
      see declaration of 'sf::Exception'
  
E:\3r CDI\Xarxes\AA4_UDP_Shooter\AA4_ShooterClient\ShooterClient\ShooterClient\UIImage.cpp(7,23): warning C4834: discarding return value of function with [[nodiscard]] attribute
E:\3r CDI\Xarxes\AA4_UDP_Shooter\AA4_ShooterClient\ShooterClient\ShooterClient\UIImage.cpp(13,81): warning C4244: 'argument': conversion from 'T' to 'T', possible loss of data
E:\3r CDI\Xarxes\AA4_UDP_Shooter\AA4_ShooterClient\ShooterClient\ShooterClient\UIImage.cpp(13,81): warning C4244:         with
E:\3r CDI\Xarxes\AA4_UDP_Shooter\AA4_ShooterClient\ShooterClient\ShooterClient\UIImage.cpp(13,81): warning C4244:         [
E:\3r CDI\Xarxes\AA4_UDP_Shooter\AA4_ShooterClient\ShooterClient\ShooterClient\UIImage.cpp(13,81): warning C4244:             T=unsigned int
E:\3r CDI\Xarxes\AA4_UDP_Shooter\AA4_ShooterClient\ShooterClient\ShooterClient\UIImage.cpp(13,81): warning C4244:         ]
E:\3r CDI\Xarxes\AA4_UDP_Shooter\AA4_ShooterClient\ShooterClient\ShooterClient\UIImage.cpp(13,81): warning C4244:         and
E:\3r CDI\Xarxes\AA4_UDP_Shooter\AA4_ShooterClient\ShooterClient\ShooterClient\UIImage.cpp(13,81): warning C4244:         [
E:\3r CDI\Xarxes\AA4_UDP_Shooter\AA4_ShooterClient\ShooterClient\ShooterClient\UIImage.cpp(13,81): warning C4244:             T=float
E:\3r CDI\Xarxes\AA4_UDP_Shooter\AA4_ShooterClient\ShooterClient\ShooterClient\UIImage.cpp(13,81): warning C4244:         ]
E:\3r CDI\Xarxes\AA4_UDP_Shooter\AA4_ShooterClient\ShooterClient\ShooterClient\UIImage.cpp(13,55): warning C4244: 'argument': conversion from 'T' to 'T', possible loss of data
E:\3r CDI\Xarxes\AA4_UDP_Shooter\AA4_ShooterClient\ShooterClient\ShooterClient\UIImage.cpp(13,55): warning C4244:         with
E:\3r CDI\Xarxes\AA4_UDP_Shooter\AA4_ShooterClient\ShooterClient\ShooterClient\UIImage.cpp(13,55): warning C4244:         [
E:\3r CDI\Xarxes\AA4_UDP_Shooter\AA4_ShooterClient\ShooterClient\ShooterClient\UIImage.cpp(13,55): warning C4244:             T=unsigned int
E:\3r CDI\Xarxes\AA4_UDP_Shooter\AA4_ShooterClient\ShooterClient\ShooterClient\UIImage.cpp(13,55): warning C4244:         ]
E:\3r CDI\Xarxes\AA4_UDP_Shooter\AA4_ShooterClient\ShooterClient\ShooterClient\UIImage.cpp(13,55): warning C4244:         and
E:\3r CDI\Xarxes\AA4_UDP_Shooter\AA4_ShooterClient\ShooterClient\ShooterClient\UIImage.cpp(13,55): warning C4244:         [
E:\3r CDI\Xarxes\AA4_UDP_Shooter\AA4_ShooterClient\ShooterClient\ShooterClient\UIImage.cpp(13,55): warning C4244:             T=float
E:\3r CDI\Xarxes\AA4_UDP_Shooter\AA4_ShooterClient\ShooterClient\ShooterClient\UIImage.cpp(13,55): warning C4244:         ]
  UITextField.cpp
E:\3r CDI\Xarxes\AA4_UDP_Shooter\AA4_ShooterClient\ShooterClient\Dependencies\include\SFML\System\Exception.hpp(41,47): warning C4275: non dll-interface class 'std::runtime_error' used as base for dll-interface class 'sf::Exception'
  (compiling source file 'UITextField.cpp')
      C:\Program Files\Microsoft Visual Studio\2022\Community\VC\Tools\MSVC\14.43.34808\include\stdexcept(100,19):
      see declaration of 'std::runtime_error'
      E:\3r CDI\Xarxes\AA4_UDP_Shooter\AA4_ShooterClient\ShooterClient\Dependencies\include\SFML\System\Exception.hpp(41,23):
      see declaration of 'sf::Exception'
  
E:\3r CDI\Xarxes\AA4_UDP_Shooter\AA4_ShooterClient\ShooterClient\ShooterClient\UITextField.cpp(64,79): warning C4244: 'argument': conversion from 'const T' to 'T', possible loss of data
E:\3r CDI\Xarxes\AA4_UDP_Shooter\AA4_ShooterClient\ShooterClient\ShooterClient\UITextField.cpp(64,79): warning C4244:         with
E:\3r CDI\Xarxes\AA4_UDP_Shooter\AA4_ShooterClient\ShooterClient\ShooterClient\UITextField.cpp(64,79): warning C4244:         [
E:\3r CDI\Xarxes\AA4_UDP_Shooter\AA4_ShooterClient\ShooterClient\ShooterClient\UITextField.cpp(64,79): warning C4244:             T=int
E:\3r CDI\Xarxes\AA4_UDP_Shooter\AA4_ShooterClient\ShooterClient\ShooterClient\UITextField.cpp(64,79): warning C4244:         ]
E:\3r CDI\Xarxes\AA4_UDP_Shooter\AA4_ShooterClient\ShooterClient\ShooterClient\UITextField.cpp(64,79): warning C4244:         and
E:\3r CDI\Xarxes\AA4_UDP_Shooter\AA4_ShooterClient\ShooterClient\ShooterClient\UITextField.cpp(64,79): warning C4244:         [
E:\3r CDI\Xarxes\AA4_UDP_Shooter\AA4_ShooterClient\ShooterClient\ShooterClient\UITextField.cpp(64,79): warning C4244:             T=float
E:\3r CDI\Xarxes\AA4_UDP_Shooter\AA4_ShooterClient\ShooterClient\ShooterClient\UITextField.cpp(64,79): warning C4244:         ]
E:\3r CDI\Xarxes\AA4_UDP_Shooter\AA4_ShooterClient\ShooterClient\ShooterClient\UITextField.cpp(64,53): warning C4244: 'argument': conversion from 'const T' to 'T', possible loss of data
E:\3r CDI\Xarxes\AA4_UDP_Shooter\AA4_ShooterClient\ShooterClient\ShooterClient\UITextField.cpp(64,53): warning C4244:         with
E:\3r CDI\Xarxes\AA4_UDP_Shooter\AA4_ShooterClient\ShooterClient\ShooterClient\UITextField.cpp(64,53): warning C4244:         [
E:\3r CDI\Xarxes\AA4_UDP_Shooter\AA4_ShooterClient\ShooterClient\ShooterClient\UITextField.cpp(64,53): warning C4244:             T=int
E:\3r CDI\Xarxes\AA4_UDP_Shooter\AA4_ShooterClient\ShooterClient\ShooterClient\UITextField.cpp(64,53): warning C4244:         ]
E:\3r CDI\Xarxes\AA4_UDP_Shooter\AA4_ShooterClient\ShooterClient\ShooterClient\UITextField.cpp(64,53): warning C4244:         and
E:\3r CDI\Xarxes\AA4_UDP_Shooter\AA4_ShooterClient\ShooterClient\ShooterClient\UITextField.cpp(64,53): warning C4244:         [
E:\3r CDI\Xarxes\AA4_UDP_Shooter\AA4_ShooterClient\ShooterClient\ShooterClient\UITextField.cpp(64,53): warning C4244:             T=float
E:\3r CDI\Xarxes\AA4_UDP_Shooter\AA4_ShooterClient\ShooterClient\ShooterClient\UITextField.cpp(64,53): warning C4244:         ]
  Window.cpp
E:\3r CDI\Xarxes\AA4_UDP_Shooter\AA4_ShooterClient\ShooterClient\Dependencies\include\SFML\System\Exception.hpp(41,47): warning C4275: non dll-interface class 'std::runtime_error' used as base for dll-interface class 'sf::Exception'
  (compiling source file 'Window.cpp')
      C:\Program Files\Microsoft Visual Studio\2022\Community\VC\Tools\MSVC\14.43.34808\include\stdexcept(100,19):
      see declaration of 'std::runtime_error'
      E:\3r CDI\Xarxes\AA4_UDP_Shooter\AA4_ShooterClient\ShooterClient\Dependencies\include\SFML\System\Exception.hpp(41,23):
      see declaration of 'sf::Exception'
  
  Generating Code...
  ShooterClient.vcxproj -> E:\3r CDI\Xarxes\AA4_UDP_Shooter\AA4_ShooterClient\ShooterClient\x64\Debug\ShooterClient.exe
