  GameManager.cpp
E:\3r CDI\Xarxes\AA4_UDP_Shooter\AA4_ShooterClient\ShooterClient\Dependencies\include\SFML\System\Exception.hpp(41,47): warning C4275: non dll-interface class 'std::runtime_error' used as base for dll-interface class 'sf::Exception'
  (compiling source file 'GameManager.cpp')
      C:\Program Files\Microsoft Visual Studio\2022\Community\VC\Tools\MSVC\14.43.34808\include\stdexcept(100,19):
      see declaration of 'std::runtime_error'
      E:\3r CDI\Xarxes\AA4_UDP_Shooter\AA4_ShooterClient\ShooterClient\Dependencies\include\SFML\System\Exception.hpp(41,23):
      see declaration of 'sf::Exception'
  
E:\3r CDI\Xarxes\AA4_UDP_Shooter\AA4_ShooterClient\ShooterClient\ShooterClient\NetworkDefs.h(47,16): warning C4834: discarding return value of function with [[nodiscard]] attribute
  (compiling source file 'GameManager.cpp')
  
  Main.cpp
E:\3r CDI\Xarxes\AA4_UDP_Shooter\AA4_ShooterClient\ShooterClient\Dependencies\include\SFML\System\Exception.hpp(41,47): warning C4275: non dll-interface class 'std::runtime_error' used as base for dll-interface class 'sf::Exception'
  (compiling source file 'Main.cpp')
      C:\Program Files\Microsoft Visual Studio\2022\Community\VC\Tools\MSVC\14.43.34808\include\stdexcept(100,19):
      see declaration of 'std::runtime_error'
      E:\3r CDI\Xarxes\AA4_UDP_Shooter\AA4_ShooterClient\ShooterClient\Dependencies\include\SFML\System\Exception.hpp(41,23):
      see declaration of 'sf::Exception'
  
E:\3r CDI\Xarxes\AA4_UDP_Shooter\AA4_ShooterClient\ShooterClient\ShooterClient\NetworkDefs.h(47,16): warning C4834: discarding return value of function with [[nodiscard]] attribute
  (compiling source file 'Main.cpp')
  
  Generating code
  100 of 1862 functions ( 5.4%) were compiled, the rest were copied from previous compilation.
    13 functions were new in current compilation
    27 functions had inline decision re-evaluated but remain unchanged
  Finished generating code
  ShooterClient.vcxproj -> E:\3r CDI\Xarxes\AA4_UDP_Shooter\AA4_ShooterClient\ShooterClient\x64\Release\ShooterClient.exe
